The target system is: Generic - 4.2.99 - arm
The host system is: Linux - 6.8.0-101-generic - x86_64
Compiling the C compiler identification source file "CMakeCCompilerId.c" succeeded.
Compiler: /home/bhargav/zephyr-sdk-0.16.5/arm-zephyr-eabi/bin/arm-zephyr-eabi-gcc 
Build flags: 
Id flags: -c 

The output was:
0


Compilation of the C compiler identification source "CMakeCCompilerId.c" produced "CMakeCCompilerId.o"

The C compiler identification is GNU, found in "/home/bhargav/ncs/v3.2.2/nrf/samples/bluetooth/peripheral_hids_keyboard/build/ipc_radio/CMakeFiles/3.21.0/CompilerIdC/CMakeCCompilerId.o"

Compiling the CXX compiler identification source file "CMakeCXXCompilerId.cpp" succeeded.
Compiler: /home/bhargav/zephyr-sdk-0.16.5/arm-zephyr-eabi/bin/arm-zephyr-eabi-g++ 
Build flags: 
Id flags: -c 

The output was:
0


Compilation of the CXX compiler identification source "CMakeCXXCompilerId.cpp" produced "CMakeCXXCompilerId.o"

The CXX compiler identification is GNU, found in "/home/bhargav/ncs/v3.2.2/nrf/samples/bluetooth/peripheral_hids_keyboard/build/ipc_radio/CMakeFiles/3.21.0/CompilerIdCXX/CMakeCXXCompilerId.o"

Checking whether the ASM compiler is GNU using "--version" matched "(GNU assembler)|(GCC)|(Free Software Foundation)":
arm-zephyr-eabi-gcc (Zephyr SDK 0.16.5) 12.2.0
Copyright (C) 2022 Free Software Foundation, Inc.
This is free software; see the source for copying conditions.  There is NO
warranty; not even for MERCHANTABILITY or FITNESS FOR A PARTICULAR PURPOSE.

Determining if files stdatomic.h exist passed with the following output:
Change Dir: /home/bhargav/ncs/v3.2.2/nrf/samples/bluetooth/peripheral_hids_keyboard/build/ipc_radio/CMakeFiles/CMakeTmp

Run Build Command(s):/home/bhargav/ncs/toolchains/927563c840/usr/local/bin/ninja cmTC_9f969 && [1/2] Building C object CMakeFiles/cmTC_9f969.dir/HAVE_STDATOMIC_H.c.obj
[2/2] Linking C executable cmTC_9f969
arm-zephyr-eabi-gcc: warning: CMakeFiles/cmTC_9f969.dir/HAVE_STDATOMIC_H.c.obj: linker input file unused because linking not done



Determining if files fcntl.h exist passed with the following output:
Change Dir: /home/bhargav/ncs/v3.2.2/nrf/samples/bluetooth/peripheral_hids_keyboard/build/ipc_radio/CMakeFiles/CMakeTmp

Run Build Command(s):/home/bhargav/ncs/toolchains/927563c840/usr/local/bin/ninja cmTC_db695 && [1/2] Building C object CMakeFiles/cmTC_db695.dir/HAVE_FCNTL_H.c.obj
[2/2] Linking C executable cmTC_db695
arm-zephyr-eabi-gcc: warning: CMakeFiles/cmTC_db695.dir/HAVE_FCNTL_H.c.obj: linker input file unused because linking not done



